<?xml version="1.0" encoding="UTF-8"?>
<!-- Generated by org.testng.reporters.JUnitXMLReporter -->
<testsuite ignored="8" hostname="DESKTOP-M0FLA98" failures="0" tests="7" name="Data driven Test" time="18.473" errors="0" timestamp="2024-12-14T12:50:11 IST">
  <testcase classname="base.ProjectSpecificationMethods" name="@BeforeClass testDetails" time="0.001">
    <failure type="java.lang.IllegalArgumentException" message="Test name must not be null or empty">
      <![CDATA[java.lang.IllegalArgumentException: Test name must not be null or empty
at com.aventstack.extentreports.util.Assert.notEmpty(Assert.java:12)
at com.aventstack.extentreports.ExtentTest.<init>(ExtentTest.java:97)
at com.aventstack.extentreports.ExtentTest.<init>(ExtentTest.java:118)
at com.aventstack.extentreports.ExtentReports.createTest(ExtentReports.java:231)
at base.ProjectSpecificationMethods.testDetails(ProjectSpecificationMethods.java:38)
at java.base/java.util.ArrayList.forEach(ArrayList.java:1597)
... Removed 23 stack frames]]>
    </failure>
  </testcase> <!-- @BeforeClass testDetails -->
  <testcase classname="base.ProjectSpecificationMethods" name="@BeforeMethod launchAndLoadURL" time="-1.734160804475E9">
    <skipped/>
  </testcase> <!-- @BeforeMethod launchAndLoadURL -->
  <testcase classname="base.ProjectSpecificationMethods" name="@AfterMethod browserClose" time="-1.734160804479E9">
    <skipped/>
  </testcase> <!-- @AfterMethod browserClose -->
  <testcase classname="base.ProjectSpecificationMethods" name="@BeforeClass testDetails" time="0.001">
    <failure type="java.lang.NullPointerException" message="Cannot invoke &amp;quot;String.replaceAll(String, String)&amp;quot; because &amp;quot;x&amp;quot; is null">
      <![CDATA[java.lang.NullPointerException: Cannot invoke "String.replaceAll(String, String)" because "x" is null
at com.aventstack.extentreports.ExtentTest.lambda$assignCategory$0(ExtentTest.java:1047)
at java.base/java.util.Spliterators$ArraySpliterator.forEachRemaining(Spliterators.java:1024)
at java.base/java.util.stream.ReferencePipeline$Head.forEach(ReferencePipeline.java:807)
at com.aventstack.extentreports.ExtentTest.assignCategory(ExtentTest.java:1046)
at base.ProjectSpecificationMethods.testDetails(ProjectSpecificationMethods.java:39)
at java.base/java.util.ArrayList.forEach(ArrayList.java:1597)
... Removed 23 stack frames]]>
    </failure>
  </testcase> <!-- @BeforeClass testDetails -->
  <testcase classname="base.ProjectSpecificationMethods" name="@BeforeMethod launchAndLoadURL" time="-1.734160811007E9">
    <skipped/>
  </testcase> <!-- @BeforeMethod launchAndLoadURL -->
  <testcase classname="base.ProjectSpecificationMethods" name="@AfterMethod browserClose" time="-1.73416081101E9">
    <skipped/>
  </testcase> <!-- @AfterMethod browserClose -->
  <testcase classname="test.TC_002_LoginTest" name="loginTest" time="0.827"/>
  <testcase classname="test.TC_002_LoginTest" name="loginTest" time="0.47"/>
  <testcase classname="test.TC_003_BookingTest" name="bookingTest" time="1.875"/>
  <testcase classname="test.TC_0001_RegisterResult" name="RegisterTest" time="0.0">
    <skipped/>
  </testcase> <!-- RegisterTest -->
  <testcase classname="test.TC_0002_InvalidLoginTest" name="invalidLoginTest" time="0.804"/>
  <testcase classname="test.TC_0002_InvalidLoginTest" name="invalidLoginTest" time="0.455"/>
  <testcase classname="test.TC_004_CheckinTest" name="checkinTest" time="0.0">
    <skipped/>
  </testcase> <!-- checkinTest -->
  <testcase classname="base.ProjectSpecificationMethods" name="@BeforeSuite reportInitialization" time="0.0">
    <ignored/>
  </testcase> <!-- @BeforeSuite reportInitialization -->
  <testcase classname="base.ProjectSpecificationMethods" name="@BeforeSuite reportInitialization" time="0.0">
    <ignored/>
  </testcase> <!-- @BeforeSuite reportInitialization -->
  <testcase classname="base.ProjectSpecificationMethods" name="@BeforeSuite reportInitialization" time="0.0">
    <ignored/>
  </testcase> <!-- @BeforeSuite reportInitialization -->
  <testcase classname="base.ProjectSpecificationMethods" name="@BeforeSuite reportInitialization" time="0.0">
    <ignored/>
  </testcase> <!-- @BeforeSuite reportInitialization -->
  <testcase classname="base.ProjectSpecificationMethods" name="@AfterSuite reportClose" time="0.0">
    <ignored/>
  </testcase> <!-- @AfterSuite reportClose -->
  <testcase classname="base.ProjectSpecificationMethods" name="@AfterSuite reportClose" time="0.0">
    <ignored/>
  </testcase> <!-- @AfterSuite reportClose -->
  <testcase classname="base.ProjectSpecificationMethods" name="@AfterSuite reportClose" time="0.0">
    <ignored/>
  </testcase> <!-- @AfterSuite reportClose -->
  <testcase classname="base.ProjectSpecificationMethods" name="@AfterSuite reportClose" time="0.0">
    <ignored/>
  </testcase> <!-- @AfterSuite reportClose -->
</testsuite> <!-- Data driven Test -->
